app/build/intermediates/manifest_merge_blame_file/debug/manifest-merger-blame-debug-report.txt
1<?xml version="1.0" encoding="utf-8"?>
2<manifest xmlns:android="http://schemas.android.com/apk/res/android"
3    package="tk.crucial.alc4phase1"
4    android:versionCode="1"
5    android:versionName="1.0" >
6
7    <uses-sdk
8        android:minSdkVersion="21"
8-->src/main/AndroidManifest.xml
9        android:targetSdkVersion="28" />
9-->src/main/AndroidManifest.xml
10
11    <uses-permission android:name="android.permission.INTERNET" />
11-->src/main/AndroidManifest.xml:4:5-83
11-->src/main/AndroidManifest.xml:4:22-64
12
13    <application
13-->src/main/AndroidManifest.xml:6:5-39:19
14        android:allowBackup="true"
14-->src/main/AndroidManifest.xml:8:9-35
15        android:appComponentFactory="android.support.v4.app.CoreComponentFactory"
15-->[com.android.support:support-compat:28.0.0] AndroidManifest.xml:22:18-91
16        android:debuggable="true"
17        android:icon="@mipmap/ic_launcher"
17-->src/main/AndroidManifest.xml:9:9-43
18        android:label="@string/app_name"
18-->src/main/AndroidManifest.xml:10:9-41
19        android:roundIcon="@mipmap/ic_launcher_round"
19-->src/main/AndroidManifest.xml:11:9-54
20        android:supportsRtl="true"
20-->src/main/AndroidManifest.xml:12:9-35
21        android:testOnly="true"
22        android:theme="@style/AppTheme"
22-->src/main/AndroidManifest.xml:13:9-40
23        android:usesCleartextTraffic="true" >
23-->src/main/AndroidManifest.xml:7:9-44
24        <activity
24-->src/main/AndroidManifest.xml:14:9-22:20
25            android:name="tk.crucial.alc4phase1.MyProfileActivity"
25-->src/main/AndroidManifest.xml:15:13-46
26            android:label="@string/title_activity_my_profile2"
26-->src/main/AndroidManifest.xml:16:13-63
27            android:parentActivityName="tk.crucial.alc4phase1.MainActivity"
27-->src/main/AndroidManifest.xml:17:13-55
28            android:theme="@style/AppTheme.NoActionBar" >
28-->src/main/AndroidManifest.xml:18:13-56
29            <meta-data
29-->src/main/AndroidManifest.xml:19:13-21:70
30                android:name="android.support.PARENT_ACTIVITY"
30-->src/main/AndroidManifest.xml:20:17-63
31                android:value="tk.crucial.alc4phase1.MainActivity" />
31-->src/main/AndroidManifest.xml:21:17-67
32        </activity>
33        <activity
33-->src/main/AndroidManifest.xml:23:9-31:20
34            android:name="tk.crucial.alc4phase1.AboutAlcActivity"
34-->src/main/AndroidManifest.xml:24:13-45
35            android:label="@string/title_activity_about_alc2"
35-->src/main/AndroidManifest.xml:25:13-62
36            android:parentActivityName="tk.crucial.alc4phase1.MainActivity"
36-->src/main/AndroidManifest.xml:26:13-55
37            android:theme="@style/AppTheme.NoActionBar" >
37-->src/main/AndroidManifest.xml:27:13-56
38            <meta-data
38-->src/main/AndroidManifest.xml:19:13-21:70
39                android:name="android.support.PARENT_ACTIVITY"
39-->src/main/AndroidManifest.xml:20:17-63
40                android:value="tk.crucial.alc4phase1.MainActivity" />
40-->src/main/AndroidManifest.xml:21:17-67
41        </activity>
42        <activity android:name="tk.crucial.alc4phase1.MainActivity" >
42-->src/main/AndroidManifest.xml:32:9-38:20
42-->src/main/AndroidManifest.xml:32:19-47
43            <intent-filter>
43-->src/main/AndroidManifest.xml:33:13-37:29
44                <action android:name="android.intent.action.MAIN" />
44-->src/main/AndroidManifest.xml:34:17-69
44-->src/main/AndroidManifest.xml:34:25-66
45
46                <category android:name="android.intent.category.LAUNCHER" />
46-->src/main/AndroidManifest.xml:36:17-77
46-->src/main/AndroidManifest.xml:36:27-74
47            </intent-filter>
48        </activity>
49
50        <provider
50-->[com.squareup.picasso:picasso:2.71828] AndroidManifest.xml:8:9-11:40
51            android:name="com.squareup.picasso.PicassoProvider"
51-->[com.squareup.picasso:picasso:2.71828] AndroidManifest.xml:9:13-64
52            android:authorities="tk.crucial.alc4phase1.com.squareup.picasso"
52-->[com.squareup.picasso:picasso:2.71828] AndroidManifest.xml:10:13-72
53            android:exported="false" />
53-->[com.squareup.picasso:picasso:2.71828] AndroidManifest.xml:11:13-37
54    </application>
55
56</manifest>